2020-12-26 13:23:18 WARN  NativeCodeLoader:62 - Unable to load native-hadoop library for your platform... using builtin-java classes where applicable
2020-12-26 13:23:39 WARN  ProcfsMetricsGetter:69 - Exception when trying to compute pagesize, as a result reporting of ProcessTree metrics is stopped
2020-12-26 13:27:59 WARN  NativeCodeLoader:62 - Unable to load native-hadoop library for your platform... using builtin-java classes where applicable
2020-12-26 13:28:52 WARN  NativeCodeLoader:62 - Unable to load native-hadoop library for your platform... using builtin-java classes where applicable
2020-12-26 13:29:07 WARN  ProcfsMetricsGetter:69 - Exception when trying to compute pagesize, as a result reporting of ProcessTree metrics is stopped
2020-12-26 13:37:38 WARN  NativeCodeLoader:62 - Unable to load native-hadoop library for your platform... using builtin-java classes where applicable
2020-12-26 13:37:52 WARN  ProcfsMetricsGetter:69 - Exception when trying to compute pagesize, as a result reporting of ProcessTree metrics is stopped
2020-12-26 13:38:41 WARN  NativeCodeLoader:62 - Unable to load native-hadoop library for your platform... using builtin-java classes where applicable
2020-12-26 13:39:00 WARN  ProcfsMetricsGetter:69 - Exception when trying to compute pagesize, as a result reporting of ProcessTree metrics is stopped
2020-12-26 13:39:52 WARN  NativeCodeLoader:62 - Unable to load native-hadoop library for your platform... using builtin-java classes where applicable
2020-12-26 13:51:35 WARN  NativeCodeLoader:62 - Unable to load native-hadoop library for your platform... using builtin-java classes where applicable
2020-12-26 13:51:51 WARN  ProcfsMetricsGetter:69 - Exception when trying to compute pagesize, as a result reporting of ProcessTree metrics is stopped
2020-12-26 13:53:46 WARN  NativeCodeLoader:62 - Unable to load native-hadoop library for your platform... using builtin-java classes where applicable
2020-12-26 13:54:05 WARN  ProcfsMetricsGetter:69 - Exception when trying to compute pagesize, as a result reporting of ProcessTree metrics is stopped
2020-12-26 14:06:08 WARN  NativeCodeLoader:62 - Unable to load native-hadoop library for your platform... using builtin-java classes where applicable
2020-12-26 14:06:28 WARN  ProcfsMetricsGetter:69 - Exception when trying to compute pagesize, as a result reporting of ProcessTree metrics is stopped
2020-12-26 14:08:26 WARN  NativeCodeLoader:62 - Unable to load native-hadoop library for your platform... using builtin-java classes where applicable
2020-12-26 14:08:47 WARN  ProcfsMetricsGetter:69 - Exception when trying to compute pagesize, as a result reporting of ProcessTree metrics is stopped
2020-12-26 14:15:54 WARN  NativeCodeLoader:62 - Unable to load native-hadoop library for your platform... using builtin-java classes where applicable
2020-12-28 19:24:41 WARN  NativeCodeLoader:62 - Unable to load native-hadoop library for your platform... using builtin-java classes where applicable
2020-12-28 19:25:21 WARN  ProcfsMetricsGetter:69 - Exception when trying to compute pagesize, as a result reporting of ProcessTree metrics is stopped
2020-12-29 17:02:48 WARN  NativeCodeLoader:62 - Unable to load native-hadoop library for your platform... using builtin-java classes where applicable
2020-12-29 17:03:07 WARN  ProcfsMetricsGetter:69 - Exception when trying to compute pagesize, as a result reporting of ProcessTree metrics is stopped
2020-12-30 23:56:45 WARN  NativeCodeLoader:62 - Unable to load native-hadoop library for your platform... using builtin-java classes where applicable
2020-12-30 23:56:59 WARN  ProcfsMetricsGetter:69 - Exception when trying to compute pagesize, as a result reporting of ProcessTree metrics is stopped
2020-12-30 23:59:09 WARN  NativeCodeLoader:62 - Unable to load native-hadoop library for your platform... using builtin-java classes where applicable
2020-12-30 23:59:26 WARN  ProcfsMetricsGetter:69 - Exception when trying to compute pagesize, as a result reporting of ProcessTree metrics is stopped
2020-12-31 00:08:14 WARN  NativeCodeLoader:62 - Unable to load native-hadoop library for your platform... using builtin-java classes where applicable
2020-12-31 00:08:36 WARN  ProcfsMetricsGetter:69 - Exception when trying to compute pagesize, as a result reporting of ProcessTree metrics is stopped
2020-12-31 01:03:04 WARN  NativeCodeLoader:62 - Unable to load native-hadoop library for your platform... using builtin-java classes where applicable
2020-12-31 01:03:19 WARN  ProcfsMetricsGetter:69 - Exception when trying to compute pagesize, as a result reporting of ProcessTree metrics is stopped
2020-12-31 01:06:28 WARN  NativeCodeLoader:62 - Unable to load native-hadoop library for your platform... using builtin-java classes where applicable
2020-12-31 01:06:43 WARN  ProcfsMetricsGetter:69 - Exception when trying to compute pagesize, as a result reporting of ProcessTree metrics is stopped
2020-12-31 01:08:04 WARN  NativeCodeLoader:62 - Unable to load native-hadoop library for your platform... using builtin-java classes where applicable
2020-12-31 01:08:21 WARN  ProcfsMetricsGetter:69 - Exception when trying to compute pagesize, as a result reporting of ProcessTree metrics is stopped
2020-12-31 01:09:04 WARN  NativeCodeLoader:62 - Unable to load native-hadoop library for your platform... using builtin-java classes where applicable
2020-12-31 01:09:18 WARN  ProcfsMetricsGetter:69 - Exception when trying to compute pagesize, as a result reporting of ProcessTree metrics is stopped
2020-12-31 01:16:15 WARN  NativeCodeLoader:62 - Unable to load native-hadoop library for your platform... using builtin-java classes where applicable
2020-12-31 01:16:29 WARN  ProcfsMetricsGetter:69 - Exception when trying to compute pagesize, as a result reporting of ProcessTree metrics is stopped
2020-12-31 01:18:30 WARN  NativeCodeLoader:62 - Unable to load native-hadoop library for your platform... using builtin-java classes where applicable
2020-12-31 01:18:47 WARN  ProcfsMetricsGetter:69 - Exception when trying to compute pagesize, as a result reporting of ProcessTree metrics is stopped
2020-12-31 12:58:17 WARN  NativeCodeLoader:62 - Unable to load native-hadoop library for your platform... using builtin-java classes where applicable
2020-12-31 12:58:33 WARN  ProcfsMetricsGetter:69 - Exception when trying to compute pagesize, as a result reporting of ProcessTree metrics is stopped
2020-12-31 13:08:23 WARN  NativeCodeLoader:62 - Unable to load native-hadoop library for your platform... using builtin-java classes where applicable
2020-12-31 13:08:45 WARN  ProcfsMetricsGetter:69 - Exception when trying to compute pagesize, as a result reporting of ProcessTree metrics is stopped
2020-12-31 13:14:06 WARN  NativeCodeLoader:62 - Unable to load native-hadoop library for your platform... using builtin-java classes where applicable
2020-12-31 13:14:25 WARN  ProcfsMetricsGetter:69 - Exception when trying to compute pagesize, as a result reporting of ProcessTree metrics is stopped
2020-12-31 13:17:07 WARN  NativeCodeLoader:62 - Unable to load native-hadoop library for your platform... using builtin-java classes where applicable
2020-12-31 13:17:26 WARN  ProcfsMetricsGetter:69 - Exception when trying to compute pagesize, as a result reporting of ProcessTree metrics is stopped
2020-12-31 13:22:44 WARN  NativeCodeLoader:62 - Unable to load native-hadoop library for your platform... using builtin-java classes where applicable
2020-12-31 13:23:03 WARN  ProcfsMetricsGetter:69 - Exception when trying to compute pagesize, as a result reporting of ProcessTree metrics is stopped
2020-12-31 13:24:13 WARN  NativeCodeLoader:62 - Unable to load native-hadoop library for your platform... using builtin-java classes where applicable
2020-12-31 13:24:37 WARN  ProcfsMetricsGetter:69 - Exception when trying to compute pagesize, as a result reporting of ProcessTree metrics is stopped
2020-12-31 13:25:59 WARN  NativeCodeLoader:62 - Unable to load native-hadoop library for your platform... using builtin-java classes where applicable
2020-12-31 13:26:16 WARN  ProcfsMetricsGetter:69 - Exception when trying to compute pagesize, as a result reporting of ProcessTree metrics is stopped
2020-12-31 13:34:10 WARN  NativeCodeLoader:62 - Unable to load native-hadoop library for your platform... using builtin-java classes where applicable
2020-12-31 13:34:27 WARN  ProcfsMetricsGetter:69 - Exception when trying to compute pagesize, as a result reporting of ProcessTree metrics is stopped
2020-12-31 13:35:33 WARN  NativeCodeLoader:62 - Unable to load native-hadoop library for your platform... using builtin-java classes where applicable
2020-12-31 13:35:48 WARN  ProcfsMetricsGetter:69 - Exception when trying to compute pagesize, as a result reporting of ProcessTree metrics is stopped
2020-12-31 13:56:51 WARN  NativeCodeLoader:62 - Unable to load native-hadoop library for your platform... using builtin-java classes where applicable
2020-12-31 13:57:07 WARN  ProcfsMetricsGetter:69 - Exception when trying to compute pagesize, as a result reporting of ProcessTree metrics is stopped
2020-12-31 15:10:31 WARN  NativeCodeLoader:62 - Unable to load native-hadoop library for your platform... using builtin-java classes where applicable
2020-12-31 15:15:12 WARN  NativeCodeLoader:62 - Unable to load native-hadoop library for your platform... using builtin-java classes where applicable
2020-12-31 15:16:11 WARN  NativeCodeLoader:62 - Unable to load native-hadoop library for your platform... using builtin-java classes where applicable
2020-12-31 15:17:04 WARN  NativeCodeLoader:62 - Unable to load native-hadoop library for your platform... using builtin-java classes where applicable
2020-12-31 15:20:58 WARN  NativeCodeLoader:62 - Unable to load native-hadoop library for your platform... using builtin-java classes where applicable
2020-12-31 15:29:45 WARN  NativeCodeLoader:62 - Unable to load native-hadoop library for your platform... using builtin-java classes where applicable
2020-12-31 15:30:01 WARN  ProcfsMetricsGetter:69 - Exception when trying to compute pagesize, as a result reporting of ProcessTree metrics is stopped
2020-12-31 15:38:22 WARN  NativeCodeLoader:62 - Unable to load native-hadoop library for your platform... using builtin-java classes where applicable
2020-12-31 15:38:38 WARN  ProcfsMetricsGetter:69 - Exception when trying to compute pagesize, as a result reporting of ProcessTree metrics is stopped
2020-12-31 15:40:20 WARN  NativeCodeLoader:62 - Unable to load native-hadoop library for your platform... using builtin-java classes where applicable
2020-12-31 15:41:59 WARN  NativeCodeLoader:62 - Unable to load native-hadoop library for your platform... using builtin-java classes where applicable
2020-12-31 15:42:27 WARN  ProcfsMetricsGetter:69 - Exception when trying to compute pagesize, as a result reporting of ProcessTree metrics is stopped
2020-12-31 15:44:25 WARN  NativeCodeLoader:62 - Unable to load native-hadoop library for your platform... using builtin-java classes where applicable
2020-12-31 15:45:30 WARN  NativeCodeLoader:62 - Unable to load native-hadoop library for your platform... using builtin-java classes where applicable
2020-12-31 15:45:44 WARN  ProcfsMetricsGetter:69 - Exception when trying to compute pagesize, as a result reporting of ProcessTree metrics is stopped
2020-12-31 15:46:42 WARN  NativeCodeLoader:62 - Unable to load native-hadoop library for your platform... using builtin-java classes where applicable
2020-12-31 15:46:58 WARN  ProcfsMetricsGetter:69 - Exception when trying to compute pagesize, as a result reporting of ProcessTree metrics is stopped
2020-12-31 15:50:21 WARN  NativeCodeLoader:62 - Unable to load native-hadoop library for your platform... using builtin-java classes where applicable
2020-12-31 15:50:35 WARN  ProcfsMetricsGetter:69 - Exception when trying to compute pagesize, as a result reporting of ProcessTree metrics is stopped
2020-12-31 16:00:52 WARN  NativeCodeLoader:62 - Unable to load native-hadoop library for your platform... using builtin-java classes where applicable
2020-12-31 16:01:10 WARN  ProcfsMetricsGetter:69 - Exception when trying to compute pagesize, as a result reporting of ProcessTree metrics is stopped
2020-12-31 16:03:42 WARN  NativeCodeLoader:62 - Unable to load native-hadoop library for your platform... using builtin-java classes where applicable
2020-12-31 16:04:32 WARN  NativeCodeLoader:62 - Unable to load native-hadoop library for your platform... using builtin-java classes where applicable
2020-12-31 16:04:46 WARN  ProcfsMetricsGetter:69 - Exception when trying to compute pagesize, as a result reporting of ProcessTree metrics is stopped
2020-12-31 16:07:51 WARN  NativeCodeLoader:62 - Unable to load native-hadoop library for your platform... using builtin-java classes where applicable
2020-12-31 16:08:07 WARN  ProcfsMetricsGetter:69 - Exception when trying to compute pagesize, as a result reporting of ProcessTree metrics is stopped
2021-01-04 13:49:25 WARN  NativeCodeLoader:62 - Unable to load native-hadoop library for your platform... using builtin-java classes where applicable
2021-01-04 13:49:40 WARN  ProcfsMetricsGetter:69 - Exception when trying to compute pagesize, as a result reporting of ProcessTree metrics is stopped
2021-01-04 14:01:18 WARN  NativeCodeLoader:62 - Unable to load native-hadoop library for your platform... using builtin-java classes where applicable
2021-01-04 14:01:38 WARN  ProcfsMetricsGetter:69 - Exception when trying to compute pagesize, as a result reporting of ProcessTree metrics is stopped
2021-01-04 14:03:03 WARN  NativeCodeLoader:62 - Unable to load native-hadoop library for your platform... using builtin-java classes where applicable
2021-01-04 14:03:24 WARN  ProcfsMetricsGetter:69 - Exception when trying to compute pagesize, as a result reporting of ProcessTree metrics is stopped
2021-01-04 14:20:45 WARN  NativeCodeLoader:62 - Unable to load native-hadoop library for your platform... using builtin-java classes where applicable
2021-01-04 14:21:06 WARN  ProcfsMetricsGetter:69 - Exception when trying to compute pagesize, as a result reporting of ProcessTree metrics is stopped
2021-01-04 14:25:36 WARN  NativeCodeLoader:62 - Unable to load native-hadoop library for your platform... using builtin-java classes where applicable
2021-01-04 14:25:55 WARN  ProcfsMetricsGetter:69 - Exception when trying to compute pagesize, as a result reporting of ProcessTree metrics is stopped
2021-01-04 14:28:48 WARN  NativeCodeLoader:62 - Unable to load native-hadoop library for your platform... using builtin-java classes where applicable
2021-01-04 14:29:04 WARN  ProcfsMetricsGetter:69 - Exception when trying to compute pagesize, as a result reporting of ProcessTree metrics is stopped
2021-01-04 14:41:51 WARN  NativeCodeLoader:62 - Unable to load native-hadoop library for your platform... using builtin-java classes where applicable
2021-01-04 14:56:38 WARN  NativeCodeLoader:62 - Unable to load native-hadoop library for your platform... using builtin-java classes where applicable
2021-01-04 14:56:54 WARN  ProcfsMetricsGetter:69 - Exception when trying to compute pagesize, as a result reporting of ProcessTree metrics is stopped
2021-01-04 20:00:54 WARN  NativeCodeLoader:62 - Unable to load native-hadoop library for your platform... using builtin-java classes where applicable
2021-01-04 20:01:10 WARN  ProcfsMetricsGetter:69 - Exception when trying to compute pagesize, as a result reporting of ProcessTree metrics is stopped
2021-01-04 20:13:09 WARN  NativeCodeLoader:62 - Unable to load native-hadoop library for your platform... using builtin-java classes where applicable
2021-01-04 20:13:26 WARN  ProcfsMetricsGetter:69 - Exception when trying to compute pagesize, as a result reporting of ProcessTree metrics is stopped
2021-01-04 20:24:30 WARN  NativeCodeLoader:62 - Unable to load native-hadoop library for your platform... using builtin-java classes where applicable
2021-01-04 20:24:45 WARN  ProcfsMetricsGetter:69 - Exception when trying to compute pagesize, as a result reporting of ProcessTree metrics is stopped
2021-01-04 20:27:26 WARN  NativeCodeLoader:62 - Unable to load native-hadoop library for your platform... using builtin-java classes where applicable
2021-01-04 20:31:31 WARN  NativeCodeLoader:62 - Unable to load native-hadoop library for your platform... using builtin-java classes where applicable
2021-01-04 20:36:36 WARN  NativeCodeLoader:62 - Unable to load native-hadoop library for your platform... using builtin-java classes where applicable
2021-01-04 20:36:51 WARN  ProcfsMetricsGetter:69 - Exception when trying to compute pagesize, as a result reporting of ProcessTree metrics is stopped
2021-01-04 20:37:46 WARN  NativeCodeLoader:62 - Unable to load native-hadoop library for your platform... using builtin-java classes where applicable
2021-01-04 20:39:19 WARN  NativeCodeLoader:62 - Unable to load native-hadoop library for your platform... using builtin-java classes where applicable
2021-01-04 20:39:38 WARN  ProcfsMetricsGetter:69 - Exception when trying to compute pagesize, as a result reporting of ProcessTree metrics is stopped
2021-01-04 20:44:00 WARN  NativeCodeLoader:62 - Unable to load native-hadoop library for your platform... using builtin-java classes where applicable
2021-01-04 20:46:47 WARN  NativeCodeLoader:62 - Unable to load native-hadoop library for your platform... using builtin-java classes where applicable
2021-01-04 20:47:01 WARN  ProcfsMetricsGetter:69 - Exception when trying to compute pagesize, as a result reporting of ProcessTree metrics is stopped
2021-01-04 20:48:47 WARN  NativeCodeLoader:62 - Unable to load native-hadoop library for your platform... using builtin-java classes where applicable
2021-01-04 20:49:03 WARN  ProcfsMetricsGetter:69 - Exception when trying to compute pagesize, as a result reporting of ProcessTree metrics is stopped
2021-01-04 21:13:23 WARN  NativeCodeLoader:62 - Unable to load native-hadoop library for your platform... using builtin-java classes where applicable
2021-01-04 21:13:44 WARN  ProcfsMetricsGetter:69 - Exception when trying to compute pagesize, as a result reporting of ProcessTree metrics is stopped
2021-01-04 21:16:55 WARN  NativeCodeLoader:62 - Unable to load native-hadoop library for your platform... using builtin-java classes where applicable
2021-01-04 21:17:11 WARN  ProcfsMetricsGetter:69 - Exception when trying to compute pagesize, as a result reporting of ProcessTree metrics is stopped
2021-01-04 21:19:47 WARN  NativeCodeLoader:62 - Unable to load native-hadoop library for your platform... using builtin-java classes where applicable
2021-01-04 21:20:04 WARN  ProcfsMetricsGetter:69 - Exception when trying to compute pagesize, as a result reporting of ProcessTree metrics is stopped
2021-01-04 21:25:46 WARN  NativeCodeLoader:62 - Unable to load native-hadoop library for your platform... using builtin-java classes where applicable
2021-01-04 21:26:05 WARN  ProcfsMetricsGetter:69 - Exception when trying to compute pagesize, as a result reporting of ProcessTree metrics is stopped
2021-01-04 21:32:20 WARN  NativeCodeLoader:62 - Unable to load native-hadoop library for your platform... using builtin-java classes where applicable
2021-01-04 21:32:36 WARN  ProcfsMetricsGetter:69 - Exception when trying to compute pagesize, as a result reporting of ProcessTree metrics is stopped
2021-01-04 21:46:27 WARN  NativeCodeLoader:62 - Unable to load native-hadoop library for your platform... using builtin-java classes where applicable
2021-01-04 21:46:48 WARN  ProcfsMetricsGetter:69 - Exception when trying to compute pagesize, as a result reporting of ProcessTree metrics is stopped
2021-01-04 21:51:33 WARN  NativeCodeLoader:62 - Unable to load native-hadoop library for your platform... using builtin-java classes where applicable
2021-01-04 21:51:48 WARN  ProcfsMetricsGetter:69 - Exception when trying to compute pagesize, as a result reporting of ProcessTree metrics is stopped
2021-01-04 21:52:33 WARN  NativeCodeLoader:62 - Unable to load native-hadoop library for your platform... using builtin-java classes where applicable
2021-01-04 21:52:53 WARN  ProcfsMetricsGetter:69 - Exception when trying to compute pagesize, as a result reporting of ProcessTree metrics is stopped
2021-01-04 21:54:40 WARN  NativeCodeLoader:62 - Unable to load native-hadoop library for your platform... using builtin-java classes where applicable
2021-01-04 21:54:57 WARN  ProcfsMetricsGetter:69 - Exception when trying to compute pagesize, as a result reporting of ProcessTree metrics is stopped
2021-01-04 21:55:49 WARN  NativeCodeLoader:62 - Unable to load native-hadoop library for your platform... using builtin-java classes where applicable
2021-01-04 21:56:07 WARN  ProcfsMetricsGetter:69 - Exception when trying to compute pagesize, as a result reporting of ProcessTree metrics is stopped
2021-01-04 21:59:34 WARN  NativeCodeLoader:62 - Unable to load native-hadoop library for your platform... using builtin-java classes where applicable
2021-01-04 21:59:51 WARN  ProcfsMetricsGetter:69 - Exception when trying to compute pagesize, as a result reporting of ProcessTree metrics is stopped
2021-01-04 22:08:31 WARN  NativeCodeLoader:62 - Unable to load native-hadoop library for your platform... using builtin-java classes where applicable
2021-01-04 22:09:30 WARN  NativeCodeLoader:62 - Unable to load native-hadoop library for your platform... using builtin-java classes where applicable
2021-01-04 22:11:02 WARN  NativeCodeLoader:62 - Unable to load native-hadoop library for your platform... using builtin-java classes where applicable
2021-01-04 22:11:17 WARN  ProcfsMetricsGetter:69 - Exception when trying to compute pagesize, as a result reporting of ProcessTree metrics is stopped
2021-01-04 22:19:48 WARN  NativeCodeLoader:62 - Unable to load native-hadoop library for your platform... using builtin-java classes where applicable
2021-01-04 22:20:50 WARN  NativeCodeLoader:62 - Unable to load native-hadoop library for your platform... using builtin-java classes where applicable
2021-01-04 22:23:31 WARN  NativeCodeLoader:62 - Unable to load native-hadoop library for your platform... using builtin-java classes where applicable
2021-01-04 22:23:49 WARN  ProcfsMetricsGetter:69 - Exception when trying to compute pagesize, as a result reporting of ProcessTree metrics is stopped
2021-01-04 22:26:10 WARN  NativeCodeLoader:62 - Unable to load native-hadoop library for your platform... using builtin-java classes where applicable
2021-01-04 22:27:39 WARN  NativeCodeLoader:62 - Unable to load native-hadoop library for your platform... using builtin-java classes where applicable
2021-01-04 22:27:53 WARN  ProcfsMetricsGetter:69 - Exception when trying to compute pagesize, as a result reporting of ProcessTree metrics is stopped
2021-01-04 22:28:27 WARN  NativeCodeLoader:62 - Unable to load native-hadoop library for your platform... using builtin-java classes where applicable
2021-01-04 22:28:42 WARN  ProcfsMetricsGetter:69 - Exception when trying to compute pagesize, as a result reporting of ProcessTree metrics is stopped
2021-01-04 22:29:22 WARN  NativeCodeLoader:62 - Unable to load native-hadoop library for your platform... using builtin-java classes where applicable
2021-01-04 22:31:33 WARN  NativeCodeLoader:62 - Unable to load native-hadoop library for your platform... using builtin-java classes where applicable
2021-01-04 22:36:33 WARN  NativeCodeLoader:62 - Unable to load native-hadoop library for your platform... using builtin-java classes where applicable
2021-01-04 22:38:07 WARN  NativeCodeLoader:62 - Unable to load native-hadoop library for your platform... using builtin-java classes where applicable
2021-01-04 22:38:24 WARN  ProcfsMetricsGetter:69 - Exception when trying to compute pagesize, as a result reporting of ProcessTree metrics is stopped
2021-01-04 22:40:25 WARN  NativeCodeLoader:62 - Unable to load native-hadoop library for your platform... using builtin-java classes where applicable
2021-01-04 22:40:41 WARN  ProcfsMetricsGetter:69 - Exception when trying to compute pagesize, as a result reporting of ProcessTree metrics is stopped
2021-01-04 22:48:51 WARN  NativeCodeLoader:62 - Unable to load native-hadoop library for your platform... using builtin-java classes where applicable
2021-01-04 22:49:19 WARN  NativeCodeLoader:62 - Unable to load native-hadoop library for your platform... using builtin-java classes where applicable
2021-01-04 22:49:38 WARN  ProcfsMetricsGetter:69 - Exception when trying to compute pagesize, as a result reporting of ProcessTree metrics is stopped
2021-01-04 22:50:44 WARN  NativeCodeLoader:62 - Unable to load native-hadoop library for your platform... using builtin-java classes where applicable
2021-01-04 22:51:03 WARN  ProcfsMetricsGetter:69 - Exception when trying to compute pagesize, as a result reporting of ProcessTree metrics is stopped
2021-01-04 22:56:47 WARN  NativeCodeLoader:62 - Unable to load native-hadoop library for your platform... using builtin-java classes where applicable
2021-01-04 22:57:01 WARN  ProcfsMetricsGetter:69 - Exception when trying to compute pagesize, as a result reporting of ProcessTree metrics is stopped
2021-01-04 22:58:07 WARN  NativeCodeLoader:62 - Unable to load native-hadoop library for your platform... using builtin-java classes where applicable
2021-01-04 22:58:23 WARN  ProcfsMetricsGetter:69 - Exception when trying to compute pagesize, as a result reporting of ProcessTree metrics is stopped
2021-01-04 23:04:48 WARN  NativeCodeLoader:62 - Unable to load native-hadoop library for your platform... using builtin-java classes where applicable
2021-01-04 23:05:07 WARN  ProcfsMetricsGetter:69 - Exception when trying to compute pagesize, as a result reporting of ProcessTree metrics is stopped
2021-01-04 23:08:35 WARN  NativeCodeLoader:62 - Unable to load native-hadoop library for your platform... using builtin-java classes where applicable
2021-01-04 23:08:50 WARN  ProcfsMetricsGetter:69 - Exception when trying to compute pagesize, as a result reporting of ProcessTree metrics is stopped
2021-01-04 23:09:13 WARN  NativeCodeLoader:62 - Unable to load native-hadoop library for your platform... using builtin-java classes where applicable
2021-01-04 23:09:28 WARN  ProcfsMetricsGetter:69 - Exception when trying to compute pagesize, as a result reporting of ProcessTree metrics is stopped
2021-01-04 23:13:08 WARN  NativeCodeLoader:62 - Unable to load native-hadoop library for your platform... using builtin-java classes where applicable
2021-01-04 23:13:23 WARN  ProcfsMetricsGetter:69 - Exception when trying to compute pagesize, as a result reporting of ProcessTree metrics is stopped
2021-01-04 23:27:36 WARN  NativeCodeLoader:62 - Unable to load native-hadoop library for your platform... using builtin-java classes where applicable
2021-01-04 23:27:53 WARN  ProcfsMetricsGetter:69 - Exception when trying to compute pagesize, as a result reporting of ProcessTree metrics is stopped
2021-01-04 23:30:52 WARN  NativeCodeLoader:62 - Unable to load native-hadoop library for your platform... using builtin-java classes where applicable
2021-01-04 23:31:08 WARN  ProcfsMetricsGetter:69 - Exception when trying to compute pagesize, as a result reporting of ProcessTree metrics is stopped
2021-01-04 23:34:41 WARN  NativeCodeLoader:62 - Unable to load native-hadoop library for your platform... using builtin-java classes where applicable
2021-01-04 23:34:58 WARN  ProcfsMetricsGetter:69 - Exception when trying to compute pagesize, as a result reporting of ProcessTree metrics is stopped
2021-01-04 23:35:34 WARN  NativeCodeLoader:62 - Unable to load native-hadoop library for your platform... using builtin-java classes where applicable
2021-01-04 23:35:49 WARN  ProcfsMetricsGetter:69 - Exception when trying to compute pagesize, as a result reporting of ProcessTree metrics is stopped
2021-01-04 23:37:03 WARN  NativeCodeLoader:62 - Unable to load native-hadoop library for your platform... using builtin-java classes where applicable
2021-01-04 23:37:18 WARN  ProcfsMetricsGetter:69 - Exception when trying to compute pagesize, as a result reporting of ProcessTree metrics is stopped
2021-01-04 23:38:40 WARN  NativeCodeLoader:62 - Unable to load native-hadoop library for your platform... using builtin-java classes where applicable
2021-01-04 23:38:54 WARN  ProcfsMetricsGetter:69 - Exception when trying to compute pagesize, as a result reporting of ProcessTree metrics is stopped
2021-01-04 23:40:10 WARN  NativeCodeLoader:62 - Unable to load native-hadoop library for your platform... using builtin-java classes where applicable
2021-01-04 23:40:26 WARN  ProcfsMetricsGetter:69 - Exception when trying to compute pagesize, as a result reporting of ProcessTree metrics is stopped
2021-01-04 23:41:40 WARN  NativeCodeLoader:62 - Unable to load native-hadoop library for your platform... using builtin-java classes where applicable
2021-01-04 23:41:55 WARN  ProcfsMetricsGetter:69 - Exception when trying to compute pagesize, as a result reporting of ProcessTree metrics is stopped
2021-01-04 23:42:47 WARN  NativeCodeLoader:62 - Unable to load native-hadoop library for your platform... using builtin-java classes where applicable
2021-01-04 23:43:05 WARN  ProcfsMetricsGetter:69 - Exception when trying to compute pagesize, as a result reporting of ProcessTree metrics is stopped
2021-01-04 23:48:31 WARN  NativeCodeLoader:62 - Unable to load native-hadoop library for your platform... using builtin-java classes where applicable
2021-01-04 23:48:47 WARN  ProcfsMetricsGetter:69 - Exception when trying to compute pagesize, as a result reporting of ProcessTree metrics is stopped
2021-01-04 23:52:27 WARN  NativeCodeLoader:62 - Unable to load native-hadoop library for your platform... using builtin-java classes where applicable
2021-01-04 23:52:41 WARN  ProcfsMetricsGetter:69 - Exception when trying to compute pagesize, as a result reporting of ProcessTree metrics is stopped
2021-01-04 23:54:22 WARN  NativeCodeLoader:62 - Unable to load native-hadoop library for your platform... using builtin-java classes where applicable
2021-01-04 23:54:35 WARN  ProcfsMetricsGetter:69 - Exception when trying to compute pagesize, as a result reporting of ProcessTree metrics is stopped
2021-01-04 23:55:15 WARN  NativeCodeLoader:62 - Unable to load native-hadoop library for your platform... using builtin-java classes where applicable
2021-01-04 23:55:29 WARN  ProcfsMetricsGetter:69 - Exception when trying to compute pagesize, as a result reporting of ProcessTree metrics is stopped
2021-01-04 23:56:14 WARN  NativeCodeLoader:62 - Unable to load native-hadoop library for your platform... using builtin-java classes where applicable
2021-01-04 23:56:37 WARN  ProcfsMetricsGetter:69 - Exception when trying to compute pagesize, as a result reporting of ProcessTree metrics is stopped
2021-01-04 23:57:50 WARN  NativeCodeLoader:62 - Unable to load native-hadoop library for your platform... using builtin-java classes where applicable
2021-01-04 23:58:03 WARN  ProcfsMetricsGetter:69 - Exception when trying to compute pagesize, as a result reporting of ProcessTree metrics is stopped
2021-01-05 00:00:37 WARN  NativeCodeLoader:62 - Unable to load native-hadoop library for your platform... using builtin-java classes where applicable
2021-01-05 00:00:53 WARN  ProcfsMetricsGetter:69 - Exception when trying to compute pagesize, as a result reporting of ProcessTree metrics is stopped
2021-01-05 00:03:15 WARN  NativeCodeLoader:62 - Unable to load native-hadoop library for your platform... using builtin-java classes where applicable
2021-01-05 00:03:30 WARN  ProcfsMetricsGetter:69 - Exception when trying to compute pagesize, as a result reporting of ProcessTree metrics is stopped
2021-01-05 00:06:12 WARN  NativeCodeLoader:62 - Unable to load native-hadoop library for your platform... using builtin-java classes where applicable
2021-01-05 00:06:25 WARN  ProcfsMetricsGetter:69 - Exception when trying to compute pagesize, as a result reporting of ProcessTree metrics is stopped
2021-01-05 00:40:34 WARN  NativeCodeLoader:62 - Unable to load native-hadoop library for your platform... using builtin-java classes where applicable
2021-01-05 00:43:33 WARN  NativeCodeLoader:62 - Unable to load native-hadoop library for your platform... using builtin-java classes where applicable
2021-01-05 00:44:32 WARN  NativeCodeLoader:62 - Unable to load native-hadoop library for your platform... using builtin-java classes where applicable
2021-01-05 00:46:35 WARN  NativeCodeLoader:62 - Unable to load native-hadoop library for your platform... using builtin-java classes where applicable
2021-01-05 00:46:48 WARN  ProcfsMetricsGetter:69 - Exception when trying to compute pagesize, as a result reporting of ProcessTree metrics is stopped
2021-01-05 00:46:59 ERROR Executor:94 - Exception in task 0.0 in stage 6.0 (TID 205)
java.io.FileNotFoundException: File file:/C:/Users/37128/IdeaProjects/final_Scala_SB/src/resources/stock_prices.csv does not exist
It is possible the underlying files have been updated. You can explicitly invalidate the cache in Spark by running 'REFRESH TABLE tableName' command in SQL or by recreating the Dataset/DataFrame involved.
	at org.apache.spark.sql.execution.datasources.FileScanRDD$$anon$1.org$apache$spark$sql$execution$datasources$FileScanRDD$$anon$$readCurrentFile(FileScanRDD.scala:124)
	at org.apache.spark.sql.execution.datasources.FileScanRDD$$anon$1.nextIterator(FileScanRDD.scala:169)
	at org.apache.spark.sql.execution.datasources.FileScanRDD$$anon$1.hasNext(FileScanRDD.scala:93)
	at scala.collection.Iterator$$anon$10.hasNext(Iterator.scala:460)
	at scala.collection.Iterator$$anon$10.hasNext(Iterator.scala:460)
	at scala.collection.Iterator$$anon$10.hasNext(Iterator.scala:460)
	at org.apache.spark.util.random.SamplingUtils$.reservoirSampleAndCount(SamplingUtils.scala:41)
	at org.apache.spark.RangePartitioner$.$anonfun$sketch$1(Partitioner.scala:306)
	at org.apache.spark.RangePartitioner$.$anonfun$sketch$1$adapted(Partitioner.scala:304)
	at org.apache.spark.rdd.RDD.$anonfun$mapPartitionsWithIndex$2(RDD.scala:889)
	at org.apache.spark.rdd.RDD.$anonfun$mapPartitionsWithIndex$2$adapted(RDD.scala:889)
	at org.apache.spark.rdd.MapPartitionsRDD.compute(MapPartitionsRDD.scala:52)
	at org.apache.spark.rdd.RDD.computeOrReadCheckpoint(RDD.scala:349)
	at org.apache.spark.rdd.RDD.iterator(RDD.scala:313)
	at org.apache.spark.scheduler.ResultTask.runTask(ResultTask.scala:90)
	at org.apache.spark.scheduler.Task.run(Task.scala:127)
	at org.apache.spark.executor.Executor$TaskRunner.$anonfun$run$3(Executor.scala:446)
	at org.apache.spark.util.Utils$.tryWithSafeFinally(Utils.scala:1377)
	at org.apache.spark.executor.Executor$TaskRunner.run(Executor.scala:449)
	at java.util.concurrent.ThreadPoolExecutor.runWorker(ThreadPoolExecutor.java:1149)
	at java.util.concurrent.ThreadPoolExecutor$Worker.run(ThreadPoolExecutor.java:624)
	at java.lang.Thread.run(Thread.java:748)
2021-01-05 00:46:59 WARN  TaskSetManager:69 - Lost task 0.0 in stage 6.0 (TID 205, LAPTOP-BB7S54BN, executor driver): java.io.FileNotFoundException: File file:/C:/Users/37128/IdeaProjects/final_Scala_SB/src/resources/stock_prices.csv does not exist
It is possible the underlying files have been updated. You can explicitly invalidate the cache in Spark by running 'REFRESH TABLE tableName' command in SQL or by recreating the Dataset/DataFrame involved.
	at org.apache.spark.sql.execution.datasources.FileScanRDD$$anon$1.org$apache$spark$sql$execution$datasources$FileScanRDD$$anon$$readCurrentFile(FileScanRDD.scala:124)
	at org.apache.spark.sql.execution.datasources.FileScanRDD$$anon$1.nextIterator(FileScanRDD.scala:169)
	at org.apache.spark.sql.execution.datasources.FileScanRDD$$anon$1.hasNext(FileScanRDD.scala:93)
	at scala.collection.Iterator$$anon$10.hasNext(Iterator.scala:460)
	at scala.collection.Iterator$$anon$10.hasNext(Iterator.scala:460)
	at scala.collection.Iterator$$anon$10.hasNext(Iterator.scala:460)
	at org.apache.spark.util.random.SamplingUtils$.reservoirSampleAndCount(SamplingUtils.scala:41)
	at org.apache.spark.RangePartitioner$.$anonfun$sketch$1(Partitioner.scala:306)
	at org.apache.spark.RangePartitioner$.$anonfun$sketch$1$adapted(Partitioner.scala:304)
	at org.apache.spark.rdd.RDD.$anonfun$mapPartitionsWithIndex$2(RDD.scala:889)
	at org.apache.spark.rdd.RDD.$anonfun$mapPartitionsWithIndex$2$adapted(RDD.scala:889)
	at org.apache.spark.rdd.MapPartitionsRDD.compute(MapPartitionsRDD.scala:52)
	at org.apache.spark.rdd.RDD.computeOrReadCheckpoint(RDD.scala:349)
	at org.apache.spark.rdd.RDD.iterator(RDD.scala:313)
	at org.apache.spark.scheduler.ResultTask.runTask(ResultTask.scala:90)
	at org.apache.spark.scheduler.Task.run(Task.scala:127)
	at org.apache.spark.executor.Executor$TaskRunner.$anonfun$run$3(Executor.scala:446)
	at org.apache.spark.util.Utils$.tryWithSafeFinally(Utils.scala:1377)
	at org.apache.spark.executor.Executor$TaskRunner.run(Executor.scala:449)
	at java.util.concurrent.ThreadPoolExecutor.runWorker(ThreadPoolExecutor.java:1149)
	at java.util.concurrent.ThreadPoolExecutor$Worker.run(ThreadPoolExecutor.java:624)
	at java.lang.Thread.run(Thread.java:748)

2021-01-05 00:46:59 ERROR TaskSetManager:73 - Task 0 in stage 6.0 failed 1 times; aborting job
2021-01-05 00:46:59 ERROR FileFormatWriter:94 - Aborting job e74533de-f853-46f9-b5b4-c1b025eb84e6.
org.apache.spark.SparkException: Job aborted due to stage failure: Task 0 in stage 6.0 failed 1 times, most recent failure: Lost task 0.0 in stage 6.0 (TID 205, LAPTOP-BB7S54BN, executor driver): java.io.FileNotFoundException: File file:/C:/Users/37128/IdeaProjects/final_Scala_SB/src/resources/stock_prices.csv does not exist
It is possible the underlying files have been updated. You can explicitly invalidate the cache in Spark by running 'REFRESH TABLE tableName' command in SQL or by recreating the Dataset/DataFrame involved.
	at org.apache.spark.sql.execution.datasources.FileScanRDD$$anon$1.org$apache$spark$sql$execution$datasources$FileScanRDD$$anon$$readCurrentFile(FileScanRDD.scala:124)
	at org.apache.spark.sql.execution.datasources.FileScanRDD$$anon$1.nextIterator(FileScanRDD.scala:169)
	at org.apache.spark.sql.execution.datasources.FileScanRDD$$anon$1.hasNext(FileScanRDD.scala:93)
	at scala.collection.Iterator$$anon$10.hasNext(Iterator.scala:460)
	at scala.collection.Iterator$$anon$10.hasNext(Iterator.scala:460)
	at scala.collection.Iterator$$anon$10.hasNext(Iterator.scala:460)
	at org.apache.spark.util.random.SamplingUtils$.reservoirSampleAndCount(SamplingUtils.scala:41)
	at org.apache.spark.RangePartitioner$.$anonfun$sketch$1(Partitioner.scala:306)
	at org.apache.spark.RangePartitioner$.$anonfun$sketch$1$adapted(Partitioner.scala:304)
	at org.apache.spark.rdd.RDD.$anonfun$mapPartitionsWithIndex$2(RDD.scala:889)
	at org.apache.spark.rdd.RDD.$anonfun$mapPartitionsWithIndex$2$adapted(RDD.scala:889)
	at org.apache.spark.rdd.MapPartitionsRDD.compute(MapPartitionsRDD.scala:52)
	at org.apache.spark.rdd.RDD.computeOrReadCheckpoint(RDD.scala:349)
	at org.apache.spark.rdd.RDD.iterator(RDD.scala:313)
	at org.apache.spark.scheduler.ResultTask.runTask(ResultTask.scala:90)
	at org.apache.spark.scheduler.Task.run(Task.scala:127)
	at org.apache.spark.executor.Executor$TaskRunner.$anonfun$run$3(Executor.scala:446)
	at org.apache.spark.util.Utils$.tryWithSafeFinally(Utils.scala:1377)
	at org.apache.spark.executor.Executor$TaskRunner.run(Executor.scala:449)
	at java.util.concurrent.ThreadPoolExecutor.runWorker(ThreadPoolExecutor.java:1149)
	at java.util.concurrent.ThreadPoolExecutor$Worker.run(ThreadPoolExecutor.java:624)
	at java.lang.Thread.run(Thread.java:748)

Driver stacktrace:
	at org.apache.spark.scheduler.DAGScheduler.failJobAndIndependentStages(DAGScheduler.scala:2059)
	at org.apache.spark.scheduler.DAGScheduler.$anonfun$abortStage$2(DAGScheduler.scala:2008)
	at org.apache.spark.scheduler.DAGScheduler.$anonfun$abortStage$2$adapted(DAGScheduler.scala:2007)
	at scala.collection.mutable.ResizableArray.foreach(ResizableArray.scala:62)
	at scala.collection.mutable.ResizableArray.foreach$(ResizableArray.scala:55)
	at scala.collection.mutable.ArrayBuffer.foreach(ArrayBuffer.scala:49)
	at org.apache.spark.scheduler.DAGScheduler.abortStage(DAGScheduler.scala:2007)
	at org.apache.spark.scheduler.DAGScheduler.$anonfun$handleTaskSetFailed$1(DAGScheduler.scala:973)
	at org.apache.spark.scheduler.DAGScheduler.$anonfun$handleTaskSetFailed$1$adapted(DAGScheduler.scala:973)
	at scala.Option.foreach(Option.scala:407)
	at org.apache.spark.scheduler.DAGScheduler.handleTaskSetFailed(DAGScheduler.scala:973)
	at org.apache.spark.scheduler.DAGSchedulerEventProcessLoop.doOnReceive(DAGScheduler.scala:2239)
	at org.apache.spark.scheduler.DAGSchedulerEventProcessLoop.onReceive(DAGScheduler.scala:2188)
	at org.apache.spark.scheduler.DAGSchedulerEventProcessLoop.onReceive(DAGScheduler.scala:2177)
	at org.apache.spark.util.EventLoop$$anon$1.run(EventLoop.scala:49)
	at org.apache.spark.scheduler.DAGScheduler.runJob(DAGScheduler.scala:775)
	at org.apache.spark.SparkContext.runJob(SparkContext.scala:2099)
	at org.apache.spark.SparkContext.runJob(SparkContext.scala:2120)
	at org.apache.spark.SparkContext.runJob(SparkContext.scala:2139)
	at org.apache.spark.SparkContext.runJob(SparkContext.scala:2164)
	at org.apache.spark.rdd.RDD.$anonfun$collect$1(RDD.scala:1004)
	at org.apache.spark.rdd.RDDOperationScope$.withScope(RDDOperationScope.scala:151)
	at org.apache.spark.rdd.RDDOperationScope$.withScope(RDDOperationScope.scala:112)
	at org.apache.spark.rdd.RDD.withScope(RDD.scala:388)
	at org.apache.spark.rdd.RDD.collect(RDD.scala:1003)
	at org.apache.spark.RangePartitioner$.sketch(Partitioner.scala:304)
	at org.apache.spark.RangePartitioner.<init>(Partitioner.scala:171)
	at org.apache.spark.sql.execution.exchange.ShuffleExchangeExec$.prepareShuffleDependency(ShuffleExchangeExec.scala:255)
	at org.apache.spark.sql.execution.exchange.ShuffleExchangeExec.shuffleDependency$lzycompute(ShuffleExchangeExec.scala:143)
	at org.apache.spark.sql.execution.exchange.ShuffleExchangeExec.shuffleDependency(ShuffleExchangeExec.scala:137)
	at org.apache.spark.sql.execution.exchange.ShuffleExchangeExec.$anonfun$doExecute$1(ShuffleExchangeExec.scala:154)
	at org.apache.spark.sql.catalyst.errors.package$.attachTree(package.scala:52)
	at org.apache.spark.sql.execution.exchange.ShuffleExchangeExec.doExecute(ShuffleExchangeExec.scala:151)
	at org.apache.spark.sql.execution.SparkPlan.$anonfun$execute$1(SparkPlan.scala:175)
	at org.apache.spark.sql.execution.SparkPlan.$anonfun$executeQuery$1(SparkPlan.scala:213)
	at org.apache.spark.rdd.RDDOperationScope$.withScope(RDDOperationScope.scala:151)
	at org.apache.spark.sql.execution.SparkPlan.executeQuery(SparkPlan.scala:210)
	at org.apache.spark.sql.execution.SparkPlan.execute(SparkPlan.scala:171)
	at org.apache.spark.sql.execution.InputAdapter.inputRDD(WholeStageCodegenExec.scala:525)
	at org.apache.spark.sql.execution.InputRDDCodegen.inputRDDs(WholeStageCodegenExec.scala:453)
	at org.apache.spark.sql.execution.InputRDDCodegen.inputRDDs$(WholeStageCodegenExec.scala:452)
	at org.apache.spark.sql.execution.InputAdapter.inputRDDs(WholeStageCodegenExec.scala:496)
	at org.apache.spark.sql.execution.SortExec.inputRDDs(SortExec.scala:132)
	at org.apache.spark.sql.execution.ProjectExec.inputRDDs(basicPhysicalOperators.scala:47)
	at org.apache.spark.sql.execution.WholeStageCodegenExec.doExecute(WholeStageCodegenExec.scala:720)
	at org.apache.spark.sql.execution.SparkPlan.$anonfun$execute$1(SparkPlan.scala:175)
	at org.apache.spark.sql.execution.SparkPlan.$anonfun$executeQuery$1(SparkPlan.scala:213)
	at org.apache.spark.rdd.RDDOperationScope$.withScope(RDDOperationScope.scala:151)
	at org.apache.spark.sql.execution.SparkPlan.executeQuery(SparkPlan.scala:210)
	at org.apache.spark.sql.execution.SparkPlan.execute(SparkPlan.scala:171)
	at org.apache.spark.sql.execution.CoalesceExec.doExecute(basicPhysicalOperators.scala:670)
	at org.apache.spark.sql.execution.SparkPlan.$anonfun$execute$1(SparkPlan.scala:175)
	at org.apache.spark.sql.execution.SparkPlan.$anonfun$executeQuery$1(SparkPlan.scala:213)
	at org.apache.spark.rdd.RDDOperationScope$.withScope(RDDOperationScope.scala:151)
	at org.apache.spark.sql.execution.SparkPlan.executeQuery(SparkPlan.scala:210)
	at org.apache.spark.sql.execution.SparkPlan.execute(SparkPlan.scala:171)
	at org.apache.spark.sql.execution.datasources.FileFormatWriter$.write(FileFormatWriter.scala:172)
	at org.apache.spark.sql.execution.datasources.InsertIntoHadoopFsRelationCommand.run(InsertIntoHadoopFsRelationCommand.scala:178)
	at org.apache.spark.sql.execution.command.DataWritingCommandExec.sideEffectResult$lzycompute(commands.scala:108)
	at org.apache.spark.sql.execution.command.DataWritingCommandExec.sideEffectResult(commands.scala:106)
	at org.apache.spark.sql.execution.command.DataWritingCommandExec.doExecute(commands.scala:131)
	at org.apache.spark.sql.execution.SparkPlan.$anonfun$execute$1(SparkPlan.scala:175)
	at org.apache.spark.sql.execution.SparkPlan.$anonfun$executeQuery$1(SparkPlan.scala:213)
	at org.apache.spark.rdd.RDDOperationScope$.withScope(RDDOperationScope.scala:151)
	at org.apache.spark.sql.execution.SparkPlan.executeQuery(SparkPlan.scala:210)
	at org.apache.spark.sql.execution.SparkPlan.execute(SparkPlan.scala:171)
	at org.apache.spark.sql.execution.QueryExecution.toRdd$lzycompute(QueryExecution.scala:122)
	at org.apache.spark.sql.execution.QueryExecution.toRdd(QueryExecution.scala:121)
	at org.apache.spark.sql.DataFrameWriter.$anonfun$runCommand$1(DataFrameWriter.scala:963)
	at org.apache.spark.sql.execution.SQLExecution$.$anonfun$withNewExecutionId$5(SQLExecution.scala:100)
	at org.apache.spark.sql.execution.SQLExecution$.withSQLConfPropagated(SQLExecution.scala:160)
	at org.apache.spark.sql.execution.SQLExecution$.$anonfun$withNewExecutionId$1(SQLExecution.scala:87)
	at org.apache.spark.sql.SparkSession.withActive(SparkSession.scala:764)
	at org.apache.spark.sql.execution.SQLExecution$.withNewExecutionId(SQLExecution.scala:64)
	at org.apache.spark.sql.DataFrameWriter.runCommand(DataFrameWriter.scala:963)
	at org.apache.spark.sql.DataFrameWriter.saveToV1Source(DataFrameWriter.scala:415)
	at org.apache.spark.sql.DataFrameWriter.save(DataFrameWriter.scala:399)
	at org.apache.spark.sql.DataFrameWriter.save(DataFrameWriter.scala:288)
	at ReadDataCSV$.delayedEndpoint$ReadDataCSV$1(ReadDataCSV.scala:70)
	at ReadDataCSV$delayedInit$body.apply(ReadDataCSV.scala:8)
	at scala.Function0.apply$mcV$sp(Function0.scala:39)
	at scala.Function0.apply$mcV$sp$(Function0.scala:39)
	at scala.runtime.AbstractFunction0.apply$mcV$sp(AbstractFunction0.scala:17)
	at scala.App.$anonfun$main$1$adapted(App.scala:80)
	at scala.collection.immutable.List.foreach(List.scala:431)
	at scala.App.main(App.scala:80)
	at scala.App.main$(App.scala:78)
	at ReadDataCSV$.main(ReadDataCSV.scala:8)
	at ReadDataCSV.main(ReadDataCSV.scala)
Caused by: java.io.FileNotFoundException: File file:/C:/Users/37128/IdeaProjects/final_Scala_SB/src/resources/stock_prices.csv does not exist
It is possible the underlying files have been updated. You can explicitly invalidate the cache in Spark by running 'REFRESH TABLE tableName' command in SQL or by recreating the Dataset/DataFrame involved.
	at org.apache.spark.sql.execution.datasources.FileScanRDD$$anon$1.org$apache$spark$sql$execution$datasources$FileScanRDD$$anon$$readCurrentFile(FileScanRDD.scala:124)
	at org.apache.spark.sql.execution.datasources.FileScanRDD$$anon$1.nextIterator(FileScanRDD.scala:169)
	at org.apache.spark.sql.execution.datasources.FileScanRDD$$anon$1.hasNext(FileScanRDD.scala:93)
	at scala.collection.Iterator$$anon$10.hasNext(Iterator.scala:460)
	at scala.collection.Iterator$$anon$10.hasNext(Iterator.scala:460)
	at scala.collection.Iterator$$anon$10.hasNext(Iterator.scala:460)
	at org.apache.spark.util.random.SamplingUtils$.reservoirSampleAndCount(SamplingUtils.scala:41)
	at org.apache.spark.RangePartitioner$.$anonfun$sketch$1(Partitioner.scala:306)
	at org.apache.spark.RangePartitioner$.$anonfun$sketch$1$adapted(Partitioner.scala:304)
	at org.apache.spark.rdd.RDD.$anonfun$mapPartitionsWithIndex$2(RDD.scala:889)
	at org.apache.spark.rdd.RDD.$anonfun$mapPartitionsWithIndex$2$adapted(RDD.scala:889)
	at org.apache.spark.rdd.MapPartitionsRDD.compute(MapPartitionsRDD.scala:52)
	at org.apache.spark.rdd.RDD.computeOrReadCheckpoint(RDD.scala:349)
	at org.apache.spark.rdd.RDD.iterator(RDD.scala:313)
	at org.apache.spark.scheduler.ResultTask.runTask(ResultTask.scala:90)
	at org.apache.spark.scheduler.Task.run(Task.scala:127)
	at org.apache.spark.executor.Executor$TaskRunner.$anonfun$run$3(Executor.scala:446)
	at org.apache.spark.util.Utils$.tryWithSafeFinally(Utils.scala:1377)
	at org.apache.spark.executor.Executor$TaskRunner.run(Executor.scala:449)
	at java.util.concurrent.ThreadPoolExecutor.runWorker(ThreadPoolExecutor.java:1149)
	at java.util.concurrent.ThreadPoolExecutor$Worker.run(ThreadPoolExecutor.java:624)
	at java.lang.Thread.run(Thread.java:748)
2021-01-05 00:49:01 WARN  NativeCodeLoader:62 - Unable to load native-hadoop library for your platform... using builtin-java classes where applicable
2021-01-05 00:49:22 WARN  ProcfsMetricsGetter:69 - Exception when trying to compute pagesize, as a result reporting of ProcessTree metrics is stopped
2021-01-05 01:04:27 WARN  NativeCodeLoader:62 - Unable to load native-hadoop library for your platform... using builtin-java classes where applicable
2021-01-05 01:04:40 WARN  ProcfsMetricsGetter:69 - Exception when trying to compute pagesize, as a result reporting of ProcessTree metrics is stopped
2021-01-05 01:10:15 WARN  NativeCodeLoader:62 - Unable to load native-hadoop library for your platform... using builtin-java classes where applicable
2021-01-05 01:10:29 WARN  ProcfsMetricsGetter:69 - Exception when trying to compute pagesize, as a result reporting of ProcessTree metrics is stopped
2021-01-05 01:16:54 WARN  NativeCodeLoader:62 - Unable to load native-hadoop library for your platform... using builtin-java classes where applicable
2021-01-05 01:17:10 WARN  ProcfsMetricsGetter:69 - Exception when trying to compute pagesize, as a result reporting of ProcessTree metrics is stopped
2021-01-05 01:24:12 WARN  NativeCodeLoader:62 - Unable to load native-hadoop library for your platform... using builtin-java classes where applicable
2021-01-05 01:24:30 WARN  ProcfsMetricsGetter:69 - Exception when trying to compute pagesize, as a result reporting of ProcessTree metrics is stopped
2021-01-05 01:32:16 WARN  NativeCodeLoader:62 - Unable to load native-hadoop library for your platform... using builtin-java classes where applicable
2021-01-05 01:32:41 WARN  ProcfsMetricsGetter:69 - Exception when trying to compute pagesize, as a result reporting of ProcessTree metrics is stopped
2021-01-05 01:36:11 WARN  NativeCodeLoader:62 - Unable to load native-hadoop library for your platform... using builtin-java classes where applicable
2021-01-05 01:36:28 WARN  ProcfsMetricsGetter:69 - Exception when trying to compute pagesize, as a result reporting of ProcessTree metrics is stopped
2021-01-05 01:37:13 WARN  NativeCodeLoader:62 - Unable to load native-hadoop library for your platform... using builtin-java classes where applicable
2021-01-05 01:37:31 WARN  ProcfsMetricsGetter:69 - Exception when trying to compute pagesize, as a result reporting of ProcessTree metrics is stopped
2021-01-05 01:41:10 WARN  NativeCodeLoader:62 - Unable to load native-hadoop library for your platform... using builtin-java classes where applicable
2021-01-05 01:41:26 WARN  ProcfsMetricsGetter:69 - Exception when trying to compute pagesize, as a result reporting of ProcessTree metrics is stopped
2021-01-05 01:44:18 WARN  NativeCodeLoader:62 - Unable to load native-hadoop library for your platform... using builtin-java classes where applicable
2021-01-05 01:44:32 WARN  ProcfsMetricsGetter:69 - Exception when trying to compute pagesize, as a result reporting of ProcessTree metrics is stopped
2021-01-05 01:45:36 WARN  NativeCodeLoader:62 - Unable to load native-hadoop library for your platform... using builtin-java classes where applicable
2021-01-05 01:45:56 WARN  ProcfsMetricsGetter:69 - Exception when trying to compute pagesize, as a result reporting of ProcessTree metrics is stopped
2021-01-05 01:46:59 WARN  NativeCodeLoader:62 - Unable to load native-hadoop library for your platform... using builtin-java classes where applicable
2021-01-05 01:47:13 WARN  ProcfsMetricsGetter:69 - Exception when trying to compute pagesize, as a result reporting of ProcessTree metrics is stopped
2021-01-05 01:48:50 WARN  NativeCodeLoader:62 - Unable to load native-hadoop library for your platform... using builtin-java classes where applicable
2021-01-05 01:49:07 WARN  ProcfsMetricsGetter:69 - Exception when trying to compute pagesize, as a result reporting of ProcessTree metrics is stopped
2021-01-05 15:52:52 WARN  NativeCodeLoader:62 - Unable to load native-hadoop library for your platform... using builtin-java classes where applicable
2021-01-05 15:53:06 WARN  ProcfsMetricsGetter:69 - Exception when trying to compute pagesize, as a result reporting of ProcessTree metrics is stopped
2021-01-05 15:54:33 WARN  NativeCodeLoader:62 - Unable to load native-hadoop library for your platform... using builtin-java classes where applicable
2021-01-05 15:54:50 WARN  ProcfsMetricsGetter:69 - Exception when trying to compute pagesize, as a result reporting of ProcessTree metrics is stopped
2021-01-05 16:26:12 WARN  NativeCodeLoader:62 - Unable to load native-hadoop library for your platform... using builtin-java classes where applicable
2021-01-05 16:26:26 WARN  ProcfsMetricsGetter:69 - Exception when trying to compute pagesize, as a result reporting of ProcessTree metrics is stopped
2021-01-05 16:26:40 WARN  NativeCodeLoader:62 - Unable to load native-hadoop library for your platform... using builtin-java classes where applicable
2021-01-05 16:26:59 WARN  ProcfsMetricsGetter:69 - Exception when trying to compute pagesize, as a result reporting of ProcessTree metrics is stopped
2021-01-05 16:29:09 WARN  NativeCodeLoader:62 - Unable to load native-hadoop library for your platform... using builtin-java classes where applicable
2021-01-05 16:29:24 WARN  ProcfsMetricsGetter:69 - Exception when trying to compute pagesize, as a result reporting of ProcessTree metrics is stopped
2021-01-05 16:40:05 WARN  NativeCodeLoader:62 - Unable to load native-hadoop library for your platform... using builtin-java classes where applicable
2021-01-05 16:40:19 WARN  ProcfsMetricsGetter:69 - Exception when trying to compute pagesize, as a result reporting of ProcessTree metrics is stopped
2021-01-05 16:44:17 WARN  NativeCodeLoader:62 - Unable to load native-hadoop library for your platform... using builtin-java classes where applicable
2021-01-05 16:44:30 WARN  ProcfsMetricsGetter:69 - Exception when trying to compute pagesize, as a result reporting of ProcessTree metrics is stopped
2021-01-05 16:45:52 WARN  NativeCodeLoader:62 - Unable to load native-hadoop library for your platform... using builtin-java classes where applicable
2021-01-05 16:46:15 WARN  ProcfsMetricsGetter:69 - Exception when trying to compute pagesize, as a result reporting of ProcessTree metrics is stopped
2021-01-05 16:48:14 WARN  NativeCodeLoader:62 - Unable to load native-hadoop library for your platform... using builtin-java classes where applicable
2021-01-05 16:49:09 WARN  NativeCodeLoader:62 - Unable to load native-hadoop library for your platform... using builtin-java classes where applicable
2021-01-05 16:49:25 WARN  ProcfsMetricsGetter:69 - Exception when trying to compute pagesize, as a result reporting of ProcessTree metrics is stopped
2021-01-05 16:50:37 WARN  NativeCodeLoader:62 - Unable to load native-hadoop library for your platform... using builtin-java classes where applicable
2021-01-05 16:50:52 WARN  ProcfsMetricsGetter:69 - Exception when trying to compute pagesize, as a result reporting of ProcessTree metrics is stopped
2021-01-05 16:51:54 WARN  NativeCodeLoader:62 - Unable to load native-hadoop library for your platform... using builtin-java classes where applicable
2021-01-05 16:52:08 WARN  ProcfsMetricsGetter:69 - Exception when trying to compute pagesize, as a result reporting of ProcessTree metrics is stopped
2021-01-05 17:02:46 WARN  NativeCodeLoader:62 - Unable to load native-hadoop library for your platform... using builtin-java classes where applicable
2021-01-05 17:04:28 WARN  NativeCodeLoader:62 - Unable to load native-hadoop library for your platform... using builtin-java classes where applicable
2021-01-05 17:06:35 WARN  NativeCodeLoader:62 - Unable to load native-hadoop library for your platform... using builtin-java classes where applicable
2021-01-05 17:48:29 WARN  NativeCodeLoader:62 - Unable to load native-hadoop library for your platform... using builtin-java classes where applicable
2021-01-05 17:48:45 WARN  ProcfsMetricsGetter:69 - Exception when trying to compute pagesize, as a result reporting of ProcessTree metrics is stopped
2021-01-05 18:59:36 WARN  NativeCodeLoader:62 - Unable to load native-hadoop library for your platform... using builtin-java classes where applicable
2021-01-05 18:59:50 WARN  ProcfsMetricsGetter:69 - Exception when trying to compute pagesize, as a result reporting of ProcessTree metrics is stopped
2021-01-05 19:23:51 WARN  NativeCodeLoader:62 - Unable to load native-hadoop library for your platform... using builtin-java classes where applicable
2021-01-05 19:24:07 WARN  ProcfsMetricsGetter:69 - Exception when trying to compute pagesize, as a result reporting of ProcessTree metrics is stopped
2021-01-05 19:25:42 WARN  NativeCodeLoader:62 - Unable to load native-hadoop library for your platform... using builtin-java classes where applicable
2021-01-05 19:26:03 WARN  ProcfsMetricsGetter:69 - Exception when trying to compute pagesize, as a result reporting of ProcessTree metrics is stopped
